{
  "RSpec": {
    "coverage": {
      "/Users/vanjavidenov/project/it_restaurant/spec/controllers/manager/users_controller_spec.rb": [
        1,
        null,
        1,
        1,
        4,
        4,
        4,
        4,
        4,
        4,
        1,
        null,
        1,
        3,
        3,
        3,
        3,
        null,
        1,
        3,
        null,
        null,
        1,
        1,
        0,
        0,
        null,
        null,
        null,
        1,
        1,
        0,
        0,
        null,
        null,
        1,
        1,
        0,
        0,
        null,
        null,
        1,
        0,
        0,
        null,
        null,
        null,
        1,
        1,
        0,
        0,
        null,
        null,
        1,
        0,
        0,
        null,
        null,
        null,
        null,
        null,
        null,
        1,
        1,
        1,
        1,
        1,
        null,
        null,
        1,
        1,
        1,
        null,
        null,
        1,
        1,
        1,
        1,
        null,
        1,
        1,
        1,
        null,
        1,
        1,
        1,
        null,
        null,
        null,
        null,
        null,
        null,
        null
      ],
      "/Users/vanjavidenov/project/it_restaurant/spec/rails_helper.rb": [
        null,
        1,
        1,
        1,
        1,
        null,
        1,
        null,
        null,
        null,
        null,
        null,
        null,
        null,
        null,
        null,
        null,
        null,
        null,
        null,
        null,
        null,
        null,
        null,
        1,
        1,
        null,
        null,
        null,
        1,
        null,
        1,
        null,
        1,
        null,
        null,
        null,
        null,
        1,
        null,
        null,
        null,
        null,
        null,
        null,
        null,
        null,
        null,
        null,
        null,
        null,
        null,
        null,
        1,
        null,
        null,
        1,
        null,
        null,
        null
      ],
      "/Users/vanjavidenov/project/it_restaurant/config/environment.rb": [
        null,
        1,
        null,
        null,
        1
      ],
      "/Users/vanjavidenov/project/it_restaurant/config/application.rb": [
        1,
        null,
        1,
        null,
        null,
        null,
        1,
        null,
        1,
        1,
        null,
        null,
        null,
        null,
        null,
        null,
        null,
        null,
        null,
        null,
        null,
        null,
        null,
        1,
        null,
        null
      ],
      "/Users/vanjavidenov/project/it_restaurant/config/boot.rb": [
        1,
        null,
        1
      ],
      "/Users/vanjavidenov/project/it_restaurant/config/environments/test.rb": [
        1,
        null,
        null,
        null,
        null,
        null,
        null,
        1,
        null,
        null,
        null,
        null,
        1,
        null,
        null,
        1,
        1,
        null,
        null,
        1,
        1,
        null,
        null,
        1,
        null,
        null,
        1,
        null,
        null,
        null,
        null,
        1,
        null,
        null,
        1,
        null,
        null,
        1,
        null,
        null,
        null,
        null
      ],
      "/Users/vanjavidenov/project/it_restaurant/config/initializers/assets.rb": [
        null,
        null,
        null,
        1,
        null,
        null,
        null,
        null,
        null,
        null,
        null
      ],
      "/Users/vanjavidenov/project/it_restaurant/config/initializers/backtrace_silencers.rb": [
        null,
        null,
        null,
        null,
        null,
        null,
        null
      ],
      "/Users/vanjavidenov/project/it_restaurant/config/initializers/cookies_serializer.rb": [
        null,
        null,
        1
      ],
      "/Users/vanjavidenov/project/it_restaurant/config/initializers/filter_parameter_logging.rb": [
        null,
        null,
        null,
        1
      ],
      "/Users/vanjavidenov/project/it_restaurant/config/initializers/inflections.rb": [
        null,
        null,
        null,
        null,
        null,
        null,
        null,
        null,
        null,
        null,
        null,
        null,
        null,
        null,
        null,
        null
      ],
      "/Users/vanjavidenov/project/it_restaurant/config/initializers/mime_types.rb": [
        null,
        null,
        null,
        null
      ],
      "/Users/vanjavidenov/project/it_restaurant/config/initializers/session_store.rb": [
        null,
        null,
        1
      ],
      "/Users/vanjavidenov/project/it_restaurant/config/initializers/wrap_parameters.rb": [
        null,
        null,
        null,
        null,
        null,
        null,
        1,
        1,
        null,
        null,
        null,
        null,
        null,
        null
      ],
      "/Users/vanjavidenov/project/it_restaurant/spec/factories/users.rb": [
        1,
        1,
        1,
        1,
        1,
        1,
        1,
        null,
        null
      ],
      "/Users/vanjavidenov/project/it_restaurant/app/models/user.rb": [
        1,
        null,
        1,
        null,
        1,
        1,
        1,
        1,
        1,
        6,
        null,
        null,
        1,
        6,
        6,
        6,
        null,
        null,
        null,
        1,
        0,
        0,
        null,
        null
      ],
      "/Users/vanjavidenov/project/it_restaurant/config/routes.rb": [
        1,
        1,
        1,
        1,
        null,
        1,
        null,
        null,
        null,
        null,
        1,
        null,
        null,
        null,
        null,
        null,
        null,
        null,
        null,
        null,
        null,
        1,
        1,
        1,
        1,
        null,
        null,
        null,
        null,
        null,
        null,
        null,
        null,
        null,
        null,
        null,
        null,
        null,
        null,
        null,
        null,
        null,
        null,
        null,
        null,
        null,
        null,
        null,
        null,
        null,
        null,
        null,
        null,
        null,
        null,
        null,
        null,
        null,
        null,
        null,
        null,
        null,
        null,
        null,
        null,
        null
      ],
      "/Users/vanjavidenov/project/it_restaurant/app/helpers/application_helper.rb": [
        1,
        null
      ],
      "/Users/vanjavidenov/project/it_restaurant/app/helpers/manager_helper.rb": [
        1,
        null
      ],
      "/Users/vanjavidenov/project/it_restaurant/app/helpers/sessions_helper.rb": [
        1,
        null,
        1,
        5,
        null,
        null,
        null,
        1,
        6,
        null,
        null,
        null,
        1,
        3,
        null,
        null,
        1,
        0,
        null,
        null,
        null,
        1,
        5,
        5,
        null,
        null
      ],
      "/Users/vanjavidenov/project/it_restaurant/app/helpers/users_helper.rb": [
        1,
        null
      ],
      "/Users/vanjavidenov/project/it_restaurant/app/controllers/manager/users_controller.rb": [
        1,
        1,
        0,
        null,
        null,
        null,
        1,
        0,
        null,
        0,
        0,
        null,
        0,
        null,
        null,
        null,
        null,
        1,
        2,
        2,
        2,
        null,
        null,
        1,
        1,
        0,
        0,
        null,
        null
      ],
      "/Users/vanjavidenov/project/it_restaurant/app/controllers/manager_controller.rb": [
        1,
        1,
        null,
        1,
        3,
        3,
        1,
        null,
        null,
        0,
        null,
        null,
        1,
        null,
        null,
        null,
        null
      ],
      "/Users/vanjavidenov/project/it_restaurant/app/controllers/application_controller.rb": [
        1,
        null,
        null,
        1,
        1,
        null
      ]
    },
    "timestamp": 1458658932
  }
}
