{
  "RSpec": {
    "coverage": {
      "/Users/vanjavidenov/project/it_restaurant/spec/controllers/manager/items_controller_spec.rb": [
        1,
        null,
        1,
        1,
        2,
        2,
        2,
        2,
        null,
        1,
        1,
        null,
        1,
        1,
        1,
        1,
        1,
        1,
        1,
        1,
        1,
        null,
        1,
        1,
        null,
        1,
        1,
        1,
        0,
        0,
        null,
        null,
        null,
        1,
        1,
        0,
        null,
        1,
        0,
        null,
        1,
        0,
        0,
        null,
        null,
        null,
        null,
        1,
        1,
        0,
        0,
        null,
        null,
        1,
        1,
        1,
        0,
        0,
        null,
        null,
        1,
        0,
        0,
        null,
        null,
        1,
        1,
        0,
        0,
        null,
        null,
        1,
        0,
        0,
        null,
        null,
        1,
        0,
        0,
        null,
        null,
        null,
        null,
        1,
        1,
        0,
        null,
        1,
        0,
        null,
        1,
        0,
        0,
        null,
        null,
        1,
        0,
        0,
        null,
        null,
        1,
        0,
        0,
        null,
        null,
        null,
        1,
        1,
        0,
        0,
        null,
        1,
        0,
        0,
        null,
        1,
        0,
        0,
        null,
        null,
        1,
        0,
        0,
        null,
        null,
        1,
        0,
        0,
        null,
        null,
        null,
        null,
        null,
        1,
        null,
        1,
        1,
        0,
        0,
        null,
        null,
        1,
        1,
        1,
        null,
        null,
        null,
        1,
        1,
        0,
        null,
        1,
        0,
        null,
        1,
        0,
        0,
        null,
        null,
        1,
        0,
        0,
        null,
        null,
        null,
        1,
        1,
        0,
        0,
        null,
        1,
        0,
        0,
        null,
        1,
        0,
        0,
        null,
        null,
        1,
        0,
        0,
        null,
        null,
        null,
        null,
        1,
        null,
        1,
        1,
        1,
        0,
        0,
        0,
        null,
        null,
        null,
        null,
        null,
        null,
        null,
        null,
        null,
        null,
        null,
        null,
        null,
        null,
        null,
        null,
        null,
        null,
        null,
        null,
        null,
        null,
        null,
        null,
        null,
        null,
        null,
        null,
        null,
        null,
        null
      ],
      "/Users/vanjavidenov/project/it_restaurant/spec/rails_helper.rb": [
        null,
        1,
        1,
        1,
        1,
        null,
        1,
        null,
        null,
        null,
        null,
        null,
        null,
        null,
        null,
        null,
        null,
        null,
        null,
        null,
        null,
        null,
        null,
        null,
        1,
        1,
        null,
        null,
        null,
        1,
        null,
        1,
        null,
        1,
        null,
        null,
        null,
        null,
        1,
        null,
        null,
        null,
        null,
        null,
        null,
        null,
        null,
        null,
        null,
        null,
        null,
        null,
        null,
        1,
        null,
        null,
        1,
        null,
        null,
        null
      ],
      "/Users/vanjavidenov/project/it_restaurant/config/environment.rb": [
        null,
        1,
        null,
        null,
        1
      ],
      "/Users/vanjavidenov/project/it_restaurant/config/application.rb": [
        1,
        null,
        1,
        null,
        null,
        null,
        1,
        null,
        1,
        1,
        null,
        null,
        null,
        null,
        null,
        null,
        null,
        null,
        null,
        null,
        null,
        null,
        null,
        1,
        null,
        null
      ],
      "/Users/vanjavidenov/project/it_restaurant/config/boot.rb": [
        1,
        null,
        1
      ],
      "/Users/vanjavidenov/project/it_restaurant/config/environments/test.rb": [
        1,
        null,
        null,
        null,
        null,
        null,
        null,
        1,
        null,
        null,
        null,
        null,
        1,
        null,
        null,
        1,
        1,
        null,
        null,
        1,
        1,
        null,
        null,
        1,
        null,
        null,
        1,
        null,
        null,
        null,
        null,
        1,
        null,
        null,
        1,
        null,
        null,
        1,
        null,
        null,
        null,
        null
      ],
      "/Users/vanjavidenov/project/it_restaurant/config/initializers/assets.rb": [
        null,
        null,
        null,
        1,
        null,
        null,
        null,
        null,
        null,
        null,
        null
      ],
      "/Users/vanjavidenov/project/it_restaurant/config/initializers/backtrace_silencers.rb": [
        null,
        null,
        null,
        null,
        null,
        null,
        null
      ],
      "/Users/vanjavidenov/project/it_restaurant/config/initializers/cookies_serializer.rb": [
        null,
        null,
        1
      ],
      "/Users/vanjavidenov/project/it_restaurant/config/initializers/filter_parameter_logging.rb": [
        null,
        null,
        null,
        1
      ],
      "/Users/vanjavidenov/project/it_restaurant/config/initializers/inflections.rb": [
        null,
        null,
        null,
        null,
        null,
        null,
        null,
        null,
        null,
        null,
        null,
        null,
        null,
        null,
        null,
        null
      ],
      "/Users/vanjavidenov/project/it_restaurant/config/initializers/mime_types.rb": [
        null,
        null,
        null,
        null
      ],
      "/Users/vanjavidenov/project/it_restaurant/config/initializers/session_store.rb": [
        null,
        null,
        1
      ],
      "/Users/vanjavidenov/project/it_restaurant/config/initializers/wrap_parameters.rb": [
        null,
        null,
        null,
        null,
        null,
        null,
        1,
        1,
        null,
        null,
        null,
        null,
        null,
        null
      ],
      "/Users/vanjavidenov/project/it_restaurant/spec/factories/categories.rb": [
        1,
        1,
        1,
        null,
        null
      ],
      "/Users/vanjavidenov/project/it_restaurant/spec/factories/items.rb": [
        1,
        1,
        1,
        1,
        1,
        1,
        1,
        null,
        null,
        1,
        1,
        1,
        1,
        1,
        1,
        null,
        null
      ],
      "/Users/vanjavidenov/project/it_restaurant/app/models/item.rb": [
        1,
        1,
        1,
        null,
        1,
        1,
        null
      ],
      "/Users/vanjavidenov/project/it_restaurant/spec/factories/menus.rb": [
        1,
        1,
        1,
        null,
        1,
        1,
        null,
        null
      ],
      "/Users/vanjavidenov/project/it_restaurant/app/models/menu.rb": [
        1,
        1,
        1,
        null,
        1,
        null,
        null
      ],
      "/Users/vanjavidenov/project/it_restaurant/spec/factories/subcategories.rb": [
        1,
        1,
        1,
        1,
        null,
        null
      ],
      "/Users/vanjavidenov/project/it_restaurant/spec/factories/users.rb": [
        1,
        1,
        1,
        1,
        1,
        1,
        1,
        null,
        null
      ],
      "/Users/vanjavidenov/project/it_restaurant/app/models/user.rb": [
        1,
        null,
        1,
        null,
        1,
        1,
        1,
        1,
        1,
        2,
        null,
        null,
        1,
        2,
        2,
        2,
        null,
        null,
        null,
        1,
        0,
        0,
        null,
        null
      ],
      "/Users/vanjavidenov/project/it_restaurant/config/routes.rb": [
        1,
        1,
        1,
        1,
        null,
        1,
        null,
        null,
        null,
        null,
        1,
        null,
        null,
        null,
        null,
        null,
        null,
        null,
        null,
        null,
        null,
        1,
        1,
        1,
        1,
        1,
        1,
        1,
        1,
        null,
        1,
        1,
        null,
        null,
        null,
        null,
        null,
        null,
        null,
        null,
        null,
        null,
        null,
        null,
        null,
        null,
        null,
        null,
        null,
        null,
        null,
        null,
        null,
        null,
        null,
        null,
        null,
        null,
        null,
        null,
        null,
        null,
        null,
        null,
        null,
        null,
        null,
        null,
        null,
        null,
        null,
        null,
        null,
        null
      ],
      "/Users/vanjavidenov/project/it_restaurant/app/helpers/application_helper.rb": [
        1,
        null
      ],
      "/Users/vanjavidenov/project/it_restaurant/app/helpers/categories_helper.rb": [
        1,
        null
      ],
      "/Users/vanjavidenov/project/it_restaurant/app/helpers/items_helper.rb": [
        1,
        null
      ],
      "/Users/vanjavidenov/project/it_restaurant/app/helpers/manager_helper.rb": [
        1,
        null
      ],
      "/Users/vanjavidenov/project/it_restaurant/app/helpers/menus_helper.rb": [
        1,
        null
      ],
      "/Users/vanjavidenov/project/it_restaurant/app/helpers/sessions_helper.rb": [
        1,
        null,
        1,
        1,
        null,
        null,
        null,
        1,
        2,
        null,
        null,
        null,
        1,
        1,
        null,
        null,
        1,
        0,
        null,
        null,
        null,
        1,
        1,
        1,
        null,
        null
      ],
      "/Users/vanjavidenov/project/it_restaurant/app/helpers/subcategories_helper.rb": [
        1,
        null
      ],
      "/Users/vanjavidenov/project/it_restaurant/app/helpers/users_helper.rb": [
        1,
        null
      ],
      "/Users/vanjavidenov/project/it_restaurant/app/controllers/manager/items_controller.rb": [
        1,
        null,
        1,
        0,
        0,
        null,
        null,
        null,
        1,
        0,
        0,
        0,
        0,
        0,
        null,
        0,
        null,
        null,
        null,
        1,
        1,
        1,
        null,
        null,
        1,
        0,
        0,
        0,
        0,
        null,
        0,
        null,
        null,
        null,
        1,
        0,
        0,
        0,
        0,
        null,
        null,
        1,
        null,
        1,
        0,
        null,
        null,
        null
      ],
      "/Users/vanjavidenov/project/it_restaurant/app/controllers/manager_controller.rb": [
        1,
        1,
        null,
        1,
        1,
        1,
        0,
        null,
        null,
        0,
        null,
        null,
        1,
        null,
        null,
        null,
        null
      ],
      "/Users/vanjavidenov/project/it_restaurant/app/controllers/application_controller.rb": [
        1,
        null,
        null,
        1,
        1,
        null
      ],
      "/Users/vanjavidenov/project/it_restaurant/app/models/category.rb": [
        1,
        1,
        null,
        null,
        1,
        null
      ],
      "/Users/vanjavidenov/project/it_restaurant/app/models/subcategory.rb": [
        1,
        1,
        1,
        null,
        1,
        null
      ]
    },
    "timestamp": 1458819856
  }
}
